<?xml version="1.0" encoding="UTF-8"?>
<!-- Generated by org.testng.reporters.JUnitReportReporter -->
<testsuite hostname="LAPTOP-CKGKGGEA" failures="0" tests="2" name="TestNG.assertion" time="0.010" errors="0" timestamp="2024-04-25T21:35:11 IST" skipped="0">
  <testcase classname="TestNG.assertion" name="test1" time="0.007"/>
  <system-out/>
  <testcase classname="TestNG.assertion" name="test1" time="0.003"/>
  <system-out/>
</testsuite> <!-- TestNG.assertion -->
