<?xml version="1.0" encoding="UTF-8"?>
<!-- Generated by org.testng.reporters.JUnitReportReporter -->
<testsuite hostname="LAPTOP-CKGKGGEA" failures="0" tests="12" name="TestNG.invocationCount_Keyword" time="0.083" errors="0" timestamp="2024-04-25T21:35:11 IST" skipped="0">
  <testcase classname="TestNG.invocationCount_Keyword" name="DesigntestCase3" time="0.010"/>
  <system-out/>
  <testcase classname="TestNG.invocationCount_Keyword" name="DesigntestCase3" time="0.009"/>
  <system-out/>
  <testcase classname="TestNG.invocationCount_Keyword" name="DesigntestCase0" time="0.005"/>
  <system-out/>
  <testcase classname="TestNG.invocationCount_Keyword" name="DesigntestCase0" time="0.008"/>
  <system-out/>
  <testcase classname="TestNG.invocationCount_Keyword" name="DesigntestCase1" time="0.002"/>
  <system-out/>
  <testcase classname="TestNG.invocationCount_Keyword" name="DesigntestCase1" time="0.006"/>
  <system-out/>
  <testcase classname="TestNG.invocationCount_Keyword" name="DesigntestCase1" time="0.003"/>
  <system-out/>
  <testcase classname="TestNG.invocationCount_Keyword" name="DesigntestCase1" time="0.004"/>
  <system-out/>
  <testcase classname="TestNG.invocationCount_Keyword" name="DesigntestCase1" time="0.003"/>
  <system-out/>
  <testcase classname="TestNG.invocationCount_Keyword" name="DesigntestCase1" time="0.015"/>
  <system-out/>
  <testcase classname="TestNG.invocationCount_Keyword" name="DesigntestCase2" time="0.015"/>
  <system-out/>
  <testcase classname="TestNG.invocationCount_Keyword" name="DesigntestCase2" time="0.003"/>
  <system-out/>
</testsuite> <!-- TestNG.invocationCount_Keyword -->
