<?xml version="1.0" encoding="UTF-8"?>
<!-- Generated by org.testng.reporters.JUnitReportReporter -->
<testsuite hostname="LAPTOP-CKGKGGEA" failures="0" tests="4" name="TestNG.Keyword" time="0.019" errors="0" timestamp="2024-04-18T17:56:47 IST" skipped="0">
  <testcase classname="TestNG.Keyword" name="DesigntestCase3" time="0.006"/>
  <system-out/>
  <testcase classname="TestNG.Keyword" name="DesigntestCase0" time="0.003"/>
  <system-out/>
  <testcase classname="TestNG.Keyword" name="DesigntestCase1" time="0.007"/>
  <system-out/>
  <testcase classname="TestNG.Keyword" name="DesigntestCase2" time="0.003"/>
  <system-out/>
</testsuite> <!-- TestNG.Keyword -->
