<?xml version="1.0" encoding="UTF-8"?>
<!-- Generated by org.testng.reporters.JUnitReportReporter -->
<testsuite hostname="LAPTOP-CKGKGGEA" failures="0" tests="8" name="TestNG.timeOut_keyword" time="0.080" errors="0" timestamp="2024-04-25T21:35:11 IST" skipped="2">
  <testcase classname="TestNG.timeOut_keyword" name="DesigntestCase3" time="0.007"/>
  <system-out/>
  <testcase classname="TestNG.timeOut_keyword" name="DesigntestCase3" time="0.004"/>
  <system-out/>
  <testcase classname="TestNG.timeOut_keyword" name="DesigntestCase0" time="0.004"/>
  <system-out/>
  <testcase classname="TestNG.timeOut_keyword" name="DesigntestCase0" time="0.011"/>
  <system-out/>
  <testcase classname="TestNG.timeOut_keyword" name="DesigntestCase2" time="0.038"/>
  <system-out/>
  <testcase classname="TestNG.timeOut_keyword" name="DesigntestCase2" time="0.016"/>
  <system-out/>
  <testcase classname="TestNG.timeOut_keyword" name="DesigntestCase1">
    <skipped/>
  </testcase> <!-- DesigntestCase1 -->
  <system-out/>
  <testcase classname="TestNG.timeOut_keyword" name="DesigntestCase1">
    <skipped/>
  </testcase> <!-- DesigntestCase1 -->
  <system-out/>
</testsuite> <!-- TestNG.timeOut_keyword -->
