<?xml version="1.0" encoding="UTF-8"?>
<!-- Generated by org.testng.reporters.JUnitReportReporter -->
<testsuite hostname="LAPTOP-CKGKGGEA" failures="0" tests="8" name="TestNG.enabled_keyword" time="0.033" errors="0" timestamp="2024-04-25T21:35:11 IST" skipped="2">
  <testcase classname="TestNG.enabled_keyword" name="DesigntestCase3" time="0.008"/>
  <system-out/>
  <testcase classname="TestNG.enabled_keyword" name="DesigntestCase3" time="0.004"/>
  <system-out/>
  <testcase classname="TestNG.enabled_keyword" name="DesigntestCase0" time="0.002"/>
  <system-out/>
  <testcase classname="TestNG.enabled_keyword" name="DesigntestCase0" time="0.009"/>
  <system-out/>
  <testcase classname="TestNG.enabled_keyword" name="DesigntestCase2" time="0.002"/>
  <system-out/>
  <testcase classname="TestNG.enabled_keyword" name="DesigntestCase2" time="0.008"/>
  <system-out/>
  <testcase classname="TestNG.enabled_keyword" name="DesigntestCase1">
    <skipped/>
  </testcase> <!-- DesigntestCase1 -->
  <system-out/>
  <testcase classname="TestNG.enabled_keyword" name="DesigntestCase1">
    <skipped/>
  </testcase> <!-- DesigntestCase1 -->
  <system-out/>
</testsuite> <!-- TestNG.enabled_keyword -->
